This file contains any messages produced by compilers while
running configure, to aid debugging if configure makes a mistake.

It was created by xfce4-tabmanager-plugin configure 0.1.0, which was
generated by GNU Autoconf 2.71.  Invocation command line was

  $ ./configure

## --------- ##
## Platform. ##
## --------- ##

hostname = books
uname -m = x86_64
uname -r = 5.15.153.1-microsoft-standard-WSL2
uname -s = Linux
uname -v = #1 SMP Fri Mar 29 23:14:13 UTC 2024

/usr/bin/uname -p = x86_64
/bin/uname -X     = unknown

/bin/arch              = x86_64
/usr/bin/arch -k       = unknown
/usr/convex/getsysinfo = unknown
/usr/bin/hostinfo      = unknown
/bin/machine           = unknown
/usr/bin/oslevel       = unknown
/bin/universe          = unknown

PATH: /home/daddy/.cursor-server/bin/fe574d0820377383143b2ea26aa6ae28b3425220/bin/remote-cli/
PATH: /usr/local/sbin/
PATH: /usr/local/bin/
PATH: /usr/sbin/
PATH: /usr/bin/
PATH: /sbin/
PATH: /bin/
PATH: /usr/games/
PATH: /usr/local/games/
PATH: /usr/lib/wsl/lib/
PATH: /snap/bin/


## ----------- ##
## Core tests. ##
## ----------- ##

configure:2755: looking for aux files: config.guess config.sub ltmain.sh compile ar-lib missing install-sh
configure:2768:  trying ./
configure:2797:   ./config.guess found
configure:2797:   ./config.sub found
configure:2797:   ./ltmain.sh found
configure:2797:   ./compile found
configure:2797:   ./ar-lib found
configure:2797:   ./missing found
configure:2779:   ./install-sh found
configure:2926: checking for a BSD-compatible install
configure:2999: result: /usr/bin/install -c
configure:3010: checking whether build environment is sane
configure:3065: result: yes
configure:3224: checking for a race-free mkdir -p
configure:3268: result: /usr/bin/mkdir -p
configure:3275: checking for gawk
configure:3296: found /usr/bin/gawk
configure:3307: result: gawk
configure:3318: checking whether make sets $(MAKE)
configure:3341: result: yes
configure:3371: checking whether make supports nested variables
configure:3389: result: yes
configure:3538: checking whether make supports the include directive
configure:3553: make -f confmf.GNU && cat confinc.out
this is the am__doit target
configure:3556: $? = 0
configure:3575: result: yes (GNU style)
configure:3651: checking for gcc
configure:3672: found /usr/bin/gcc
configure:3683: result: gcc
configure:4036: checking for C compiler version
configure:4045: gcc --version >&5
gcc (Ubuntu 13.3.0-6ubuntu2~24.04) 13.3.0
Copyright (C) 2023 Free Software Foundation, Inc.
This is free software; see the source for copying conditions.  There is NO
warranty; not even for MERCHANTABILITY or FITNESS FOR A PARTICULAR PURPOSE.

configure:4056: $? = 0
configure:4045: gcc -v >&5
Using built-in specs.
COLLECT_GCC=gcc
COLLECT_LTO_WRAPPER=/usr/libexec/gcc/x86_64-linux-gnu/13/lto-wrapper
OFFLOAD_TARGET_NAMES=nvptx-none:amdgcn-amdhsa
OFFLOAD_TARGET_DEFAULT=1
Target: x86_64-linux-gnu
Configured with: ../src/configure -v --with-pkgversion='Ubuntu 13.3.0-6ubuntu2~24.04' --with-bugurl=file:///usr/share/doc/gcc-13/README.Bugs --enable-languages=c,ada,c++,go,d,fortran,objc,obj-c++,m2 --prefix=/usr --with-gcc-major-version-only --program-suffix=-13 --program-prefix=x86_64-linux-gnu- --enable-shared --enable-linker-build-id --libexecdir=/usr/libexec --without-included-gettext --enable-threads=posix --libdir=/usr/lib --enable-nls --enable-bootstrap --enable-clocale=gnu --enable-libstdcxx-debug --enable-libstdcxx-time=yes --with-default-libstdcxx-abi=new --enable-libstdcxx-backtrace --enable-gnu-unique-object --disable-vtable-verify --enable-plugin --enable-default-pie --with-system-zlib --enable-libphobos-checking=release --with-target-system-zlib=auto --enable-objc-gc=auto --enable-multiarch --disable-werror --enable-cet --with-arch-32=i686 --with-abi=m64 --with-multilib-list=m32,m64,mx32 --enable-multilib --with-tune=generic --enable-offload-targets=nvptx-none=/build/gcc-13-fG75Ri/gcc-13-13.3.0/debian/tmp-nvptx/usr,amdgcn-amdhsa=/build/gcc-13-fG75Ri/gcc-13-13.3.0/debian/tmp-gcn/usr --enable-offload-defaulted --without-cuda-driver --enable-checking=release --build=x86_64-linux-gnu --host=x86_64-linux-gnu --target=x86_64-linux-gnu --with-build-config=bootstrap-lto-lean --enable-link-serialization=2
Thread model: posix
Supported LTO compression algorithms: zlib zstd
gcc version 13.3.0 (Ubuntu 13.3.0-6ubuntu2~24.04) 
... rest of stderr output deleted ...
configure:4056: $? = 0
configure:4045: gcc -V >&5
gcc: error: unrecognized command-line option '-V'
gcc: fatal error: no input files
compilation terminated.
configure:4056: $? = 1
configure:4045: gcc -qversion >&5
gcc: error: unrecognized command-line option '-qversion'; did you mean '--version'?
gcc: fatal error: no input files
compilation terminated.
configure:4056: $? = 1
configure:4045: gcc -version >&5
gcc: error: unrecognized command-line option '-version'
gcc: fatal error: no input files
compilation terminated.
configure:4056: $? = 1
configure:4076: checking whether the C compiler works
configure:4098: gcc    conftest.c  >&5
configure:4102: $? = 0
configure:4152: result: yes
configure:4155: checking for C compiler default output file name
configure:4157: result: a.out
configure:4163: checking for suffix of executables
configure:4170: gcc -o conftest    conftest.c  >&5
configure:4174: $? = 0
configure:4197: result: 
configure:4219: checking whether we are cross compiling
configure:4227: gcc -o conftest    conftest.c  >&5
configure:4231: $? = 0
configure:4238: ./conftest
configure:4242: $? = 0
configure:4257: result: no
configure:4262: checking for suffix of object files
configure:4285: gcc -c   conftest.c >&5
configure:4289: $? = 0
configure:4311: result: o
configure:4315: checking whether the compiler supports GNU C
configure:4335: gcc -c   conftest.c >&5
configure:4335: $? = 0
configure:4345: result: yes
configure:4356: checking whether gcc accepts -g
configure:4377: gcc -c -g  conftest.c >&5
configure:4377: $? = 0
configure:4421: result: yes
configure:4441: checking for gcc option to enable C11 features
configure:4456: gcc  -c -g -O2  conftest.c >&5
configure:4456: $? = 0
configure:4474: result: none needed
configure:4590: checking whether gcc understands -c and -o together
configure:4613: gcc -c conftest.c -o conftest2.o
configure:4616: $? = 0
configure:4613: gcc -c conftest.c -o conftest2.o
configure:4616: $? = 0
configure:4628: result: yes
configure:4647: checking dependency style of gcc
configure:4759: result: gcc3
configure:4830: checking for ar
configure:4851: found /usr/bin/ar
configure:4862: result: ar
configure:4888: checking the archiver (ar) interface
configure:4905: gcc -c -g -O2  conftest.c >&5
configure:4905: $? = 0
configure:4908: ar cru libconftest.a conftest.o >&5
ar: `u' modifier ignored since `D' is the default (see `U')
configure:4911: $? = 0
configure:4939: result: ar
configure:4981: checking for bind_textdomain_codeset
configure:4981: gcc -o conftest -g -O2   conftest.c  >&5
configure:4981: $? = 0
configure:4981: result: yes
configure:4988: checking for locales directory
configure:5005: result: ${prefix}/share/locale
configure:5080: checking for g++
configure:5101: found /usr/bin/g++
configure:5112: result: g++
configure:5139: checking for C++ compiler version
configure:5148: g++ --version >&5
g++ (Ubuntu 13.3.0-6ubuntu2~24.04) 13.3.0
Copyright (C) 2023 Free Software Foundation, Inc.
This is free software; see the source for copying conditions.  There is NO
warranty; not even for MERCHANTABILITY or FITNESS FOR A PARTICULAR PURPOSE.

configure:5159: $? = 0
configure:5148: g++ -v >&5
Using built-in specs.
COLLECT_GCC=g++
COLLECT_LTO_WRAPPER=/usr/libexec/gcc/x86_64-linux-gnu/13/lto-wrapper
OFFLOAD_TARGET_NAMES=nvptx-none:amdgcn-amdhsa
OFFLOAD_TARGET_DEFAULT=1
Target: x86_64-linux-gnu
Configured with: ../src/configure -v --with-pkgversion='Ubuntu 13.3.0-6ubuntu2~24.04' --with-bugurl=file:///usr/share/doc/gcc-13/README.Bugs --enable-languages=c,ada,c++,go,d,fortran,objc,obj-c++,m2 --prefix=/usr --with-gcc-major-version-only --program-suffix=-13 --program-prefix=x86_64-linux-gnu- --enable-shared --enable-linker-build-id --libexecdir=/usr/libexec --without-included-gettext --enable-threads=posix --libdir=/usr/lib --enable-nls --enable-bootstrap --enable-clocale=gnu --enable-libstdcxx-debug --enable-libstdcxx-time=yes --with-default-libstdcxx-abi=new --enable-libstdcxx-backtrace --enable-gnu-unique-object --disable-vtable-verify --enable-plugin --enable-default-pie --with-system-zlib --enable-libphobos-checking=release --with-target-system-zlib=auto --enable-objc-gc=auto --enable-multiarch --disable-werror --enable-cet --with-arch-32=i686 --with-abi=m64 --with-multilib-list=m32,m64,mx32 --enable-multilib --with-tune=generic --enable-offload-targets=nvptx-none=/build/gcc-13-fG75Ri/gcc-13-13.3.0/debian/tmp-nvptx/usr,amdgcn-amdhsa=/build/gcc-13-fG75Ri/gcc-13-13.3.0/debian/tmp-gcn/usr --enable-offload-defaulted --without-cuda-driver --enable-checking=release --build=x86_64-linux-gnu --host=x86_64-linux-gnu --target=x86_64-linux-gnu --with-build-config=bootstrap-lto-lean --enable-link-serialization=2
Thread model: posix
Supported LTO compression algorithms: zlib zstd
gcc version 13.3.0 (Ubuntu 13.3.0-6ubuntu2~24.04) 
... rest of stderr output deleted ...
configure:5159: $? = 0
configure:5148: g++ -V >&5
g++: error: unrecognized command-line option '-V'
g++: fatal error: no input files
compilation terminated.
configure:5159: $? = 1
configure:5148: g++ -qversion >&5
g++: error: unrecognized command-line option '-qversion'; did you mean '--version'?
g++: fatal error: no input files
compilation terminated.
configure:5159: $? = 1
configure:5163: checking whether the compiler supports GNU C++
configure:5183: g++ -c   conftest.cpp >&5
configure:5183: $? = 0
configure:5193: result: yes
configure:5204: checking whether g++ accepts -g
configure:5225: g++ -c -g  conftest.cpp >&5
configure:5225: $? = 0
configure:5269: result: yes
configure:5289: checking for g++ option to enable C++11 features
configure:5304: g++  -c -g -O2  conftest.cpp >&5
conftest.cpp: In function 'int main(int, char**)':
conftest.cpp:180:25: warning: empty parentheses were disambiguated as a function declaration [-Wvexing-parse]
  180 |   cxx11test::delegate d2();
      |                         ^~
conftest.cpp:180:25: note: remove parentheses to default-initialize a variable
  180 |   cxx11test::delegate d2();
      |                         ^~
      |                         --
conftest.cpp:180:25: note: or replace parentheses with braces to value-initialize a variable
configure:5304: $? = 0
configure:5322: result: none needed
configure:5388: checking dependency style of g++
configure:5500: result: gcc3
configure:5568: checking for gcc
configure:5600: result: gcc
configure:5953: checking for C compiler version
configure:5962: gcc --version >&5
gcc (Ubuntu 13.3.0-6ubuntu2~24.04) 13.3.0
Copyright (C) 2023 Free Software Foundation, Inc.
This is free software; see the source for copying conditions.  There is NO
warranty; not even for MERCHANTABILITY or FITNESS FOR A PARTICULAR PURPOSE.

configure:5973: $? = 0
configure:5962: gcc -v >&5
Using built-in specs.
COLLECT_GCC=gcc
COLLECT_LTO_WRAPPER=/usr/libexec/gcc/x86_64-linux-gnu/13/lto-wrapper
OFFLOAD_TARGET_NAMES=nvptx-none:amdgcn-amdhsa
OFFLOAD_TARGET_DEFAULT=1
Target: x86_64-linux-gnu
Configured with: ../src/configure -v --with-pkgversion='Ubuntu 13.3.0-6ubuntu2~24.04' --with-bugurl=file:///usr/share/doc/gcc-13/README.Bugs --enable-languages=c,ada,c++,go,d,fortran,objc,obj-c++,m2 --prefix=/usr --with-gcc-major-version-only --program-suffix=-13 --program-prefix=x86_64-linux-gnu- --enable-shared --enable-linker-build-id --libexecdir=/usr/libexec --without-included-gettext --enable-threads=posix --libdir=/usr/lib --enable-nls --enable-bootstrap --enable-clocale=gnu --enable-libstdcxx-debug --enable-libstdcxx-time=yes --with-default-libstdcxx-abi=new --enable-libstdcxx-backtrace --enable-gnu-unique-object --disable-vtable-verify --enable-plugin --enable-default-pie --with-system-zlib --enable-libphobos-checking=release --with-target-system-zlib=auto --enable-objc-gc=auto --enable-multiarch --disable-werror --enable-cet --with-arch-32=i686 --with-abi=m64 --with-multilib-list=m32,m64,mx32 --enable-multilib --with-tune=generic --enable-offload-targets=nvptx-none=/build/gcc-13-fG75Ri/gcc-13-13.3.0/debian/tmp-nvptx/usr,amdgcn-amdhsa=/build/gcc-13-fG75Ri/gcc-13-13.3.0/debian/tmp-gcn/usr --enable-offload-defaulted --without-cuda-driver --enable-checking=release --build=x86_64-linux-gnu --host=x86_64-linux-gnu --target=x86_64-linux-gnu --with-build-config=bootstrap-lto-lean --enable-link-serialization=2
Thread model: posix
Supported LTO compression algorithms: zlib zstd
gcc version 13.3.0 (Ubuntu 13.3.0-6ubuntu2~24.04) 
... rest of stderr output deleted ...
configure:5973: $? = 0
configure:5962: gcc -V >&5
gcc: error: unrecognized command-line option '-V'
gcc: fatal error: no input files
compilation terminated.
configure:5973: $? = 1
configure:5962: gcc -qversion >&5
gcc: error: unrecognized command-line option '-qversion'; did you mean '--version'?
gcc: fatal error: no input files
compilation terminated.
configure:5973: $? = 1
configure:5962: gcc -version >&5
gcc: error: unrecognized command-line option '-version'
gcc: fatal error: no input files
compilation terminated.
configure:5973: $? = 1
configure:5977: checking whether the compiler supports GNU C
configure:6007: result: yes
configure:6018: checking whether gcc accepts -g
configure:6083: result: yes
configure:6103: checking for gcc option to enable C11 features
configure:6136: result: none needed
configure:6252: checking whether gcc understands -c and -o together
configure:6290: result: yes
configure:6309: checking dependency style of gcc
configure:6421: result: gcc3
configure:6437: checking whether ln -s works
configure:6441: result: yes
configure:6448: checking whether make sets $(MAKE)
configure:6471: result: yes
configure:6512: checking build system type
configure:6527: result: x86_64-pc-linux-gnu
configure:6547: checking host system type
configure:6561: result: x86_64-pc-linux-gnu
configure:6602: checking how to print strings
configure:6629: result: printf
configure:6650: checking for a sed that does not truncate output
configure:6720: result: /usr/bin/sed
configure:6738: checking for grep that handles long lines and -e
configure:6802: result: /usr/bin/grep
configure:6807: checking for egrep
configure:6875: result: /usr/bin/grep -E
configure:6880: checking for fgrep
configure:6948: result: /usr/bin/grep -F
configure:6984: checking for ld used by gcc
configure:7052: result: /usr/bin/ld
configure:7059: checking if the linker (/usr/bin/ld) is GNU ld
configure:7075: result: yes
configure:7087: checking for BSD- or MS-compatible name lister (nm)
configure:7142: result: /usr/bin/nm -B
configure:7282: checking the name lister (/usr/bin/nm -B) interface
configure:7290: gcc -c -g -O2  conftest.c >&5
configure:7293: /usr/bin/nm -B "conftest.o"
configure:7296: output
0000000000000000 B some_variable
configure:7303: result: BSD nm
configure:7307: checking the maximum length of command line arguments
configure:7439: result: 1572864
configure:7487: checking how to convert x86_64-pc-linux-gnu file names to x86_64-pc-linux-gnu format
configure:7528: result: func_convert_file_noop
configure:7535: checking how to convert x86_64-pc-linux-gnu file names to toolchain format
configure:7556: result: func_convert_file_noop
configure:7563: checking for /usr/bin/ld option to reload object files
configure:7571: result: -r
configure:7650: checking for file
configure:7671: found /usr/bin/file
configure:7682: result: file
configure:7758: checking for objdump
configure:7779: found /usr/bin/objdump
configure:7790: result: objdump
configure:7822: checking how to recognize dependent libraries
configure:8023: result: pass_all
configure:8113: checking for dlltool
configure:8148: result: no
configure:8178: checking how to associate runtime and link libraries
configure:8206: result: printf %s\n
configure:8356: checking for archiver @FILE support
configure:8374: gcc -c -g -O2  conftest.c >&5
configure:8374: $? = 0
configure:8378: ar cr libconftest.a @conftest.lst >&5
configure:8381: $? = 0
configure:8386: ar cr libconftest.a @conftest.lst >&5
ar: conftest.o: No such file or directory
configure:8389: $? = 1
configure:8401: result: @
configure:8464: checking for strip
configure:8485: found /usr/bin/strip
configure:8496: result: strip
configure:8573: checking for ranlib
configure:8594: found /usr/bin/ranlib
configure:8605: result: ranlib
configure:8707: checking command to parse /usr/bin/nm -B output from gcc object
configure:8861: gcc -c -g -O2  conftest.c >&5
configure:8864: $? = 0
configure:8868: /usr/bin/nm -B conftest.o | /usr/bin/sed -n -e 's/^.*[	 ]\([ABCDGIRSTW][ABCDGIRSTW]*\)[	 ][	 ]*\([_A-Za-z][_A-Za-z0-9]*\)$/\1 \2 \2/p' | /usr/bin/sed '/ __gnu_lto/d' > conftest.nm
configure:8934: gcc -o conftest -g -O2   conftest.c conftstm.o >&5
configure:8937: $? = 0
configure:8975: result: ok
configure:9022: checking for sysroot
configure:9053: result: no
configure:9060: checking for a working dd
configure:9104: result: /usr/bin/dd
configure:9108: checking how to truncate binary pipes
configure:9124: result: /usr/bin/dd bs=4096 count=1
configure:9261: gcc -c -g -O2  conftest.c >&5
configure:9264: $? = 0
configure:9461: checking for mt
configure:9496: result: no
configure:9516: checking if : is a manifest tool
configure:9523: : '-?'
configure:9531: result: no
configure:10256: checking for stdio.h
configure:10256: gcc -c -g -O2  conftest.c >&5
configure:10256: $? = 0
configure:10256: result: yes
configure:10256: checking for stdlib.h
configure:10256: gcc -c -g -O2  conftest.c >&5
configure:10256: $? = 0
configure:10256: result: yes
configure:10256: checking for string.h
configure:10256: gcc -c -g -O2  conftest.c >&5
configure:10256: $? = 0
configure:10256: result: yes
configure:10256: checking for inttypes.h
configure:10256: gcc -c -g -O2  conftest.c >&5
configure:10256: $? = 0
configure:10256: result: yes
configure:10256: checking for stdint.h
configure:10256: gcc -c -g -O2  conftest.c >&5
configure:10256: $? = 0
configure:10256: result: yes
configure:10256: checking for strings.h
configure:10256: gcc -c -g -O2  conftest.c >&5
configure:10256: $? = 0
configure:10256: result: yes
configure:10256: checking for sys/stat.h
configure:10256: gcc -c -g -O2  conftest.c >&5
configure:10256: $? = 0
configure:10256: result: yes
configure:10256: checking for sys/types.h
configure:10256: gcc -c -g -O2  conftest.c >&5
configure:10256: $? = 0
configure:10256: result: yes
configure:10256: checking for unistd.h
configure:10256: gcc -c -g -O2  conftest.c >&5
configure:10256: $? = 0
configure:10256: result: yes
configure:10281: checking for dlfcn.h
configure:10281: gcc -c -g -O2  conftest.c >&5
configure:10281: $? = 0
configure:10281: result: yes
configure:10551: checking for objdir
configure:10567: result: .libs
configure:10831: checking if gcc supports -fno-rtti -fno-exceptions
configure:10850: gcc -c -g -O2  -fno-rtti -fno-exceptions conftest.c >&5
cc1: warning: command-line option '-fno-rtti' is valid for C++/D/ObjC++ but not for C
configure:10854: $? = 0
configure:10867: result: no
configure:11231: checking for gcc option to produce PIC
configure:11239: result: -fPIC -DPIC
configure:11247: checking if gcc PIC flag -fPIC -DPIC works
configure:11266: gcc -c -g -O2  -fPIC -DPIC -DPIC conftest.c >&5
configure:11270: $? = 0
configure:11283: result: yes
configure:11312: checking if gcc static flag -static works
configure:11341: result: yes
configure:11356: checking if gcc supports -c -o file.o
configure:11378: gcc -c -g -O2  -o out/conftest2.o conftest.c >&5
configure:11382: $? = 0
configure:11404: result: yes
configure:11412: checking if gcc supports -c -o file.o
configure:11460: result: yes
configure:11493: checking whether the gcc linker (/usr/bin/ld -m elf_x86_64) supports shared libraries
configure:12767: result: yes
configure:12804: checking whether -lc should be explicitly linked in
configure:12813: gcc -c -g -O2  conftest.c >&5
configure:12816: $? = 0
configure:12831: gcc -shared  -fPIC -DPIC conftest.o  -v -Wl,-soname -Wl,conftest -o conftest 2\>\&1 \| /usr/bin/grep  -lc  \>/dev/null 2\>\&1
configure:12834: $? = 0
configure:12848: result: no
configure:13008: checking dynamic linker characteristics
configure:13590: gcc -o conftest -g -O2   -Wl,-rpath -Wl,/foo conftest.c  >&5
configure:13590: $? = 0
configure:13841: result: GNU/Linux ld.so
configure:13963: checking how to hardcode library paths into programs
configure:13988: result: immediate
configure:14540: checking whether stripping libraries is possible
configure:14549: result: yes
configure:14591: checking if libtool supports shared libraries
configure:14593: result: yes
configure:14596: checking whether to build shared libraries
configure:14621: result: yes
configure:14624: checking whether to build static libraries
configure:14628: result: yes
configure:14651: checking how to run the C++ preprocessor
configure:14673: g++ -E  conftest.cpp
configure:14673: $? = 0
configure:14688: g++ -E  conftest.cpp
conftest.cpp:26:10: fatal error: ac_nonexistent.h: No such file or directory
   26 | #include <ac_nonexistent.h>
      |          ^~~~~~~~~~~~~~~~~~
compilation terminated.
configure:14688: $? = 1
configure: failed program was:
| /* confdefs.h */
| #define PACKAGE_NAME "xfce4-tabmanager-plugin"
| #define PACKAGE_TARNAME "xfce4-tabmanager-plugin"
| #define PACKAGE_VERSION "0.1.0"
| #define PACKAGE_STRING "xfce4-tabmanager-plugin 0.1.0"
| #define PACKAGE_BUGREPORT "your-email@example.com"
| #define PACKAGE_URL ""
| #define PACKAGE "xfce4-tabmanager-plugin"
| #define VERSION "0.1.0"
| #define PACKAGE "xfce4-tabmanager-plugin"
| #define LOCALEDIR "${datadir}/locale"
| #define GETTEXT_PACKAGE "xfce4-tabmanager-plugin"
| #define HAVE_STDIO_H 1
| #define HAVE_STDLIB_H 1
| #define HAVE_STRING_H 1
| #define HAVE_INTTYPES_H 1
| #define HAVE_STDINT_H 1
| #define HAVE_STRINGS_H 1
| #define HAVE_SYS_STAT_H 1
| #define HAVE_SYS_TYPES_H 1
| #define HAVE_UNISTD_H 1
| #define STDC_HEADERS 1
| #define HAVE_DLFCN_H 1
| #define LT_OBJDIR ".libs/"
| /* end confdefs.h.  */
| #include <ac_nonexistent.h>
configure:14715: result: g++ -E
configure:14729: g++ -E  conftest.cpp
configure:14729: $? = 0
configure:14744: g++ -E  conftest.cpp
conftest.cpp:26:10: fatal error: ac_nonexistent.h: No such file or directory
   26 | #include <ac_nonexistent.h>
      |          ^~~~~~~~~~~~~~~~~~
compilation terminated.
configure:14744: $? = 1
configure: failed program was:
| /* confdefs.h */
| #define PACKAGE_NAME "xfce4-tabmanager-plugin"
| #define PACKAGE_TARNAME "xfce4-tabmanager-plugin"
| #define PACKAGE_VERSION "0.1.0"
| #define PACKAGE_STRING "xfce4-tabmanager-plugin 0.1.0"
| #define PACKAGE_BUGREPORT "your-email@example.com"
| #define PACKAGE_URL ""
| #define PACKAGE "xfce4-tabmanager-plugin"
| #define VERSION "0.1.0"
| #define PACKAGE "xfce4-tabmanager-plugin"
| #define LOCALEDIR "${datadir}/locale"
| #define GETTEXT_PACKAGE "xfce4-tabmanager-plugin"
| #define HAVE_STDIO_H 1
| #define HAVE_STDLIB_H 1
| #define HAVE_STRING_H 1
| #define HAVE_INTTYPES_H 1
| #define HAVE_STDINT_H 1
| #define HAVE_STRINGS_H 1
| #define HAVE_SYS_STAT_H 1
| #define HAVE_SYS_TYPES_H 1
| #define HAVE_UNISTD_H 1
| #define STDC_HEADERS 1
| #define HAVE_DLFCN_H 1
| #define LT_OBJDIR ".libs/"
| /* end confdefs.h.  */
| #include <ac_nonexistent.h>
configure:14909: checking for ld used by g++
configure:14977: result: /usr/bin/ld -m elf_x86_64
configure:14984: checking if the linker (/usr/bin/ld -m elf_x86_64) is GNU ld
configure:15000: result: yes
configure:15055: checking whether the g++ linker (/usr/bin/ld -m elf_x86_64) supports shared libraries
configure:16133: result: yes
configure:16169: g++ -c -g -O2  conftest.cpp >&5
configure:16172: $? = 0
configure:16653: checking for g++ option to produce PIC
configure:16661: result: -fPIC -DPIC
configure:16669: checking if g++ PIC flag -fPIC -DPIC works
configure:16688: g++ -c -g -O2  -fPIC -DPIC -DPIC conftest.cpp >&5
configure:16692: $? = 0
configure:16705: result: yes
configure:16728: checking if g++ static flag -static works
configure:16757: result: yes
configure:16769: checking if g++ supports -c -o file.o
configure:16791: g++ -c -g -O2  -o out/conftest2.o conftest.cpp >&5
configure:16795: $? = 0
configure:16817: result: yes
configure:16822: checking if g++ supports -c -o file.o
configure:16870: result: yes
configure:16900: checking whether the g++ linker (/usr/bin/ld -m elf_x86_64) supports shared libraries
configure:16943: result: yes
configure:17085: checking dynamic linker characteristics
configure:17845: result: GNU/Linux ld.so
configure:17910: checking how to hardcode library paths into programs
configure:17935: result: immediate
configure:18057: checking for pkg-config
configure:18080: found /usr/bin/pkg-config
configure:18092: result: /usr/bin/pkg-config
configure:18117: checking pkg-config is at least version 0.9.0
configure:18120: result: yes
configure:18130: checking for gtk+-3.0 >= 3.24.0
configure:18137: $PKG_CONFIG --exists --print-errors "gtk+-3.0 >= 3.24.0"
configure:18140: $? = 0
configure:18154: $PKG_CONFIG --exists --print-errors "gtk+-3.0 >= 3.24.0"
configure:18157: $? = 0
configure:18215: result: yes
configure:18221: checking for libxfce4panel-2.0 >= 4.14.0
configure:18228: $PKG_CONFIG --exists --print-errors "libxfce4panel-2.0 >= 4.14.0"
configure:18231: $? = 0
configure:18245: $PKG_CONFIG --exists --print-errors "libxfce4panel-2.0 >= 4.14.0"
configure:18248: $? = 0
configure:18306: result: yes
configure:18312: checking for libxfce4ui-2 >= 4.14.0
configure:18319: $PKG_CONFIG --exists --print-errors "libxfce4ui-2 >= 4.14.0"
configure:18322: $? = 0
configure:18336: $PKG_CONFIG --exists --print-errors "libxfce4ui-2 >= 4.14.0"
configure:18339: $? = 0
configure:18397: result: yes
configure:18403: checking for libxfce4util-1.0 >= 4.14.0
configure:18410: $PKG_CONFIG --exists --print-errors "libxfce4util-1.0 >= 4.14.0"
configure:18413: $? = 0
configure:18427: $PKG_CONFIG --exists --print-errors "libxfce4util-1.0 >= 4.14.0"
configure:18430: $? = 0
configure:18488: result: yes
configure:18596: checking that generated files are newer than configure
configure:18602: result: done
configure:18633: creating ./config.status

## ---------------------- ##
## Running config.status. ##
## ---------------------- ##

This file was extended by xfce4-tabmanager-plugin config.status 0.1.0, which was
generated by GNU Autoconf 2.71.  Invocation command line was

  CONFIG_FILES    = 
  CONFIG_HEADERS  = 
  CONFIG_LINKS    = 
  CONFIG_COMMANDS = 
  $ ./config.status 

on books

config.status:1175: creating Makefile
config.status:1175: creating src/Makefile
config.status:1175: creating data/Makefile
config.status:1175: creating config.h
config.status:1404: executing depfiles commands
config.status:1481: cd src       && sed -e '/# am--include-marker/d' Makefile         | make -f - am--depfiles
make: Nothing to be done for 'am--depfiles'.
config.status:1486: $? = 0
config.status:1404: executing libtool commands

## ---------------- ##
## Cache variables. ##
## ---------------- ##

ac_cv_build=x86_64-pc-linux-gnu
ac_cv_c_compiler_gnu=yes
ac_cv_cxx_compiler_gnu=yes
ac_cv_env_CCC_set=
ac_cv_env_CCC_value=
ac_cv_env_CC_set=
ac_cv_env_CC_value=
ac_cv_env_CFLAGS_set=
ac_cv_env_CFLAGS_value=
ac_cv_env_CPPFLAGS_set=
ac_cv_env_CPPFLAGS_value=
ac_cv_env_CXXCPP_set=
ac_cv_env_CXXCPP_value=
ac_cv_env_CXXFLAGS_set=
ac_cv_env_CXXFLAGS_value=
ac_cv_env_CXX_set=
ac_cv_env_CXX_value=
ac_cv_env_GTK_CFLAGS_set=
ac_cv_env_GTK_CFLAGS_value=
ac_cv_env_GTK_LIBS_set=
ac_cv_env_GTK_LIBS_value=
ac_cv_env_LDFLAGS_set=
ac_cv_env_LDFLAGS_value=
ac_cv_env_LIBS_set=
ac_cv_env_LIBS_value=
ac_cv_env_LT_SYS_LIBRARY_PATH_set=
ac_cv_env_LT_SYS_LIBRARY_PATH_value=
ac_cv_env_PKG_CONFIG_LIBDIR_set=
ac_cv_env_PKG_CONFIG_LIBDIR_value=
ac_cv_env_PKG_CONFIG_PATH_set=
ac_cv_env_PKG_CONFIG_PATH_value=
ac_cv_env_PKG_CONFIG_set=
ac_cv_env_PKG_CONFIG_value=
ac_cv_env_XFCE4PANEL_CFLAGS_set=
ac_cv_env_XFCE4PANEL_CFLAGS_value=
ac_cv_env_XFCE4PANEL_LIBS_set=
ac_cv_env_XFCE4PANEL_LIBS_value=
ac_cv_env_XFCE4UI_CFLAGS_set=
ac_cv_env_XFCE4UI_CFLAGS_value=
ac_cv_env_XFCE4UI_LIBS_set=
ac_cv_env_XFCE4UI_LIBS_value=
ac_cv_env_XFCE4UTIL_CFLAGS_set=
ac_cv_env_XFCE4UTIL_CFLAGS_value=
ac_cv_env_XFCE4UTIL_LIBS_set=
ac_cv_env_XFCE4UTIL_LIBS_value=
ac_cv_env_build_alias_set=
ac_cv_env_build_alias_value=
ac_cv_env_host_alias_set=
ac_cv_env_host_alias_value=
ac_cv_env_target_alias_set=
ac_cv_env_target_alias_value=
ac_cv_func_bind_textdomain_codeset=yes
ac_cv_header_dlfcn_h=yes
ac_cv_header_inttypes_h=yes
ac_cv_header_stdint_h=yes
ac_cv_header_stdio_h=yes
ac_cv_header_stdlib_h=yes
ac_cv_header_string_h=yes
ac_cv_header_strings_h=yes
ac_cv_header_sys_stat_h=yes
ac_cv_header_sys_types_h=yes
ac_cv_header_unistd_h=yes
ac_cv_host=x86_64-pc-linux-gnu
ac_cv_objext=o
ac_cv_path_EGREP='/usr/bin/grep -E'
ac_cv_path_FGREP='/usr/bin/grep -F'
ac_cv_path_GREP=/usr/bin/grep
ac_cv_path_SED=/usr/bin/sed
ac_cv_path_ac_pt_PKG_CONFIG=/usr/bin/pkg-config
ac_cv_path_install='/usr/bin/install -c'
ac_cv_path_lt_DD=/usr/bin/dd
ac_cv_path_mkdir=/usr/bin/mkdir
ac_cv_prog_AWK=gawk
ac_cv_prog_CXXCPP='g++ -E'
ac_cv_prog_ac_ct_AR=ar
ac_cv_prog_ac_ct_CC=gcc
ac_cv_prog_ac_ct_CXX=g++
ac_cv_prog_ac_ct_FILECMD=file
ac_cv_prog_ac_ct_OBJDUMP=objdump
ac_cv_prog_ac_ct_RANLIB=ranlib
ac_cv_prog_ac_ct_STRIP=strip
ac_cv_prog_cc_c11=
ac_cv_prog_cc_g=yes
ac_cv_prog_cc_stdc=
ac_cv_prog_cxx_cxx11=
ac_cv_prog_cxx_g=yes
ac_cv_prog_cxx_stdcxx=
ac_cv_prog_make_make_set=yes
am_cv_CC_dependencies_compiler_type=gcc3
am_cv_CXX_dependencies_compiler_type=gcc3
am_cv_ar_interface=ar
am_cv_make_support_nested_variables=yes
am_cv_prog_cc_c_o=yes
lt_cv_ar_at_file=@
lt_cv_archive_cmds_need_lc=no
lt_cv_deplibs_check_method=pass_all
lt_cv_file_magic_cmd='$MAGIC_CMD'
lt_cv_file_magic_test_file=
lt_cv_ld_reload_flag=-r
lt_cv_nm_interface='BSD nm'
lt_cv_objdir=.libs
lt_cv_path_LD=/usr/bin/ld
lt_cv_path_LDCXX='/usr/bin/ld -m elf_x86_64'
lt_cv_path_NM='/usr/bin/nm -B'
lt_cv_path_mainfest_tool=no
lt_cv_prog_compiler_c_o=yes
lt_cv_prog_compiler_c_o_CXX=yes
lt_cv_prog_compiler_pic='-fPIC -DPIC'
lt_cv_prog_compiler_pic_CXX='-fPIC -DPIC'
lt_cv_prog_compiler_pic_works=yes
lt_cv_prog_compiler_pic_works_CXX=yes
lt_cv_prog_compiler_rtti_exceptions=no
lt_cv_prog_compiler_static_works=yes
lt_cv_prog_compiler_static_works_CXX=yes
lt_cv_prog_gnu_ld=yes
lt_cv_prog_gnu_ldcxx=yes
lt_cv_sharedlib_from_linklib_cmd='printf %s\n'
lt_cv_shlibpath_overrides_runpath=yes
lt_cv_sys_global_symbol_pipe='/usr/bin/sed -n -e '\''s/^.*[	 ]\([ABCDGIRSTW][ABCDGIRSTW]*\)[	 ][	 ]*\([_A-Za-z][_A-Za-z0-9]*\)$/\1 \2 \2/p'\'' | /usr/bin/sed '\''/ __gnu_lto/d'\'''
lt_cv_sys_global_symbol_to_c_name_address='/usr/bin/sed -n -e '\''s/^: \(.*\) .*$/  {"\1", (void *) 0},/p'\'' -e '\''s/^[ABCDGIRSTW][ABCDGIRSTW]* .* \(.*\)$/  {"\1", (void *) \&\1},/p'\'''
lt_cv_sys_global_symbol_to_c_name_address_lib_prefix='/usr/bin/sed -n -e '\''s/^: \(.*\) .*$/  {"\1", (void *) 0},/p'\'' -e '\''s/^[ABCDGIRSTW][ABCDGIRSTW]* .* \(lib.*\)$/  {"\1", (void *) \&\1},/p'\'' -e '\''s/^[ABCDGIRSTW][ABCDGIRSTW]* .* \(.*\)$/  {"lib\1", (void *) \&\1},/p'\'''
lt_cv_sys_global_symbol_to_cdecl='/usr/bin/sed -n -e '\''s/^T .* \(.*\)$/extern int \1();/p'\'' -e '\''s/^[ABCDGIRSTW][ABCDGIRSTW]* .* \(.*\)$/extern char \1;/p'\'''
lt_cv_sys_global_symbol_to_import=
lt_cv_sys_max_cmd_len=1572864
lt_cv_to_host_file_cmd=func_convert_file_noop
lt_cv_to_tool_file_cmd=func_convert_file_noop
lt_cv_truncate_bin='/usr/bin/dd bs=4096 count=1'
pkg_cv_GTK_CFLAGS='-I/usr/include/gtk-3.0 -I/usr/include/pango-1.0 -I/usr/include/glib-2.0 -I/usr/lib/x86_64-linux-gnu/glib-2.0/include -I/usr/include/harfbuzz -I/usr/include/freetype2 -I/usr/include/libpng16 -I/usr/include/libmount -I/usr/include/blkid -I/usr/include/fribidi -I/usr/include/cairo -I/usr/include/pixman-1 -I/usr/include/gdk-pixbuf-2.0 -I/usr/include/x86_64-linux-gnu -I/usr/include/webp -I/usr/include/gio-unix-2.0 -I/usr/include/atk-1.0 -I/usr/include/at-spi2-atk/2.0 -I/usr/include/at-spi-2.0 -I/usr/include/dbus-1.0 -I/usr/lib/x86_64-linux-gnu/dbus-1.0/include -pthread '
pkg_cv_GTK_LIBS='-lgtk-3 -lgdk-3 -lz -lpangocairo-1.0 -lpango-1.0 -lharfbuzz -latk-1.0 -lcairo-gobject -lcairo -lgdk_pixbuf-2.0 -lgio-2.0 -lgobject-2.0 -lglib-2.0 '
pkg_cv_XFCE4PANEL_CFLAGS='-I/usr/include/xfce4/libxfce4panel-2.0 -I/usr/include/gtk-3.0 -I/usr/include/pango-1.0 -I/usr/include/glib-2.0 -I/usr/lib/x86_64-linux-gnu/glib-2.0/include -I/usr/include/harfbuzz -I/usr/include/freetype2 -I/usr/include/libpng16 -I/usr/include/libmount -I/usr/include/blkid -I/usr/include/fribidi -I/usr/include/cairo -I/usr/include/pixman-1 -I/usr/include/gdk-pixbuf-2.0 -I/usr/include/x86_64-linux-gnu -I/usr/include/webp -I/usr/include/gio-unix-2.0 -I/usr/include/atk-1.0 -I/usr/include/at-spi2-atk/2.0 -I/usr/include/at-spi-2.0 -I/usr/include/dbus-1.0 -I/usr/lib/x86_64-linux-gnu/dbus-1.0/include -pthread -I/usr/include/xfce4 '
pkg_cv_XFCE4PANEL_LIBS='-lxfce4panel-2.0 -lgtk-3 -lgdk-3 -lz -lpangocairo-1.0 -lpango-1.0 -lharfbuzz -latk-1.0 -lcairo-gobject -lcairo -lgdk_pixbuf-2.0 -lgio-2.0 -lgobject-2.0 -Wl,--export-dynamic -lgmodule-2.0 -pthread -lglib-2.0 -lxfce4util -lglib-2.0 '
pkg_cv_XFCE4UI_CFLAGS='-I/usr/include/xfce4/libxfce4ui-2 -I/usr/include/gtk-3.0 -I/usr/include/pango-1.0 -I/usr/include/glib-2.0 -I/usr/lib/x86_64-linux-gnu/glib-2.0/include -I/usr/include/harfbuzz -I/usr/include/freetype2 -I/usr/include/libpng16 -I/usr/include/libmount -I/usr/include/blkid -I/usr/include/fribidi -I/usr/include/cairo -I/usr/include/pixman-1 -I/usr/include/gdk-pixbuf-2.0 -I/usr/include/x86_64-linux-gnu -I/usr/include/webp -I/usr/include/gio-unix-2.0 -I/usr/include/atk-1.0 -I/usr/include/at-spi2-atk/2.0 -I/usr/include/at-spi-2.0 -I/usr/include/dbus-1.0 -I/usr/lib/x86_64-linux-gnu/dbus-1.0/include -pthread -I/usr/include/xfce4 '
pkg_cv_XFCE4UI_LIBS='-lxfce4ui-2 -lgtk-3 -lgdk-3 -lz -lpangocairo-1.0 -lpango-1.0 -lharfbuzz -latk-1.0 -lcairo-gobject -lcairo -lgdk_pixbuf-2.0 -lgio-2.0 -lgobject-2.0 -lxfce4util -lglib-2.0 '
pkg_cv_XFCE4UTIL_CFLAGS='-I/usr/include/xfce4 -I/usr/include/glib-2.0 -I/usr/lib/x86_64-linux-gnu/glib-2.0/include '
pkg_cv_XFCE4UTIL_LIBS='-lxfce4util -lglib-2.0 '

## ----------------- ##
## Output variables. ##
## ----------------- ##

ACLOCAL='${SHELL} '\''/home/daddy/Documents/GitHub/opensuse/tab-manager/missing'\'' aclocal-1.16'
AMDEPBACKSLASH='\'
AMDEP_FALSE='#'
AMDEP_TRUE=''
AMTAR='$${TAR-tar}'
AM_BACKSLASH='\'
AM_DEFAULT_V='$(AM_DEFAULT_VERBOSITY)'
AM_DEFAULT_VERBOSITY='1'
AM_V='$(V)'
AR='ar'
AUTOCONF='${SHELL} '\''/home/daddy/Documents/GitHub/opensuse/tab-manager/missing'\'' autoconf'
AUTOHEADER='${SHELL} '\''/home/daddy/Documents/GitHub/opensuse/tab-manager/missing'\'' autoheader'
AUTOMAKE='${SHELL} '\''/home/daddy/Documents/GitHub/opensuse/tab-manager/missing'\'' automake-1.16'
AWK='gawk'
CC='gcc'
CCDEPMODE='depmode=gcc3'
CFLAGS='-g -O2'
CPPFLAGS=''
CSCOPE='cscope'
CTAGS='ctags'
CXX='g++'
CXXCPP='g++ -E'
CXXDEPMODE='depmode=gcc3'
CXXFLAGS='-g -O2'
CYGPATH_W='echo'
DEFS='-DHAVE_CONFIG_H'
DEPDIR='.deps'
DLLTOOL='false'
DSYMUTIL=''
DUMPBIN=''
ECHO_C=''
ECHO_N='-n'
ECHO_T=''
EGREP='/usr/bin/grep -E'
ETAGS='etags'
EXEEXT=''
FGREP='/usr/bin/grep -F'
FILECMD='file'
GETTEXT_PACKAGE='xfce4-tabmanager-plugin'
GREP='/usr/bin/grep'
GTK_CFLAGS='-I/usr/include/gtk-3.0 -I/usr/include/pango-1.0 -I/usr/include/glib-2.0 -I/usr/lib/x86_64-linux-gnu/glib-2.0/include -I/usr/include/harfbuzz -I/usr/include/freetype2 -I/usr/include/libpng16 -I/usr/include/libmount -I/usr/include/blkid -I/usr/include/fribidi -I/usr/include/cairo -I/usr/include/pixman-1 -I/usr/include/gdk-pixbuf-2.0 -I/usr/include/x86_64-linux-gnu -I/usr/include/webp -I/usr/include/gio-unix-2.0 -I/usr/include/atk-1.0 -I/usr/include/at-spi2-atk/2.0 -I/usr/include/at-spi-2.0 -I/usr/include/dbus-1.0 -I/usr/lib/x86_64-linux-gnu/dbus-1.0/include -pthread '
GTK_LIBS='-lgtk-3 -lgdk-3 -lz -lpangocairo-1.0 -lpango-1.0 -lharfbuzz -latk-1.0 -lcairo-gobject -lcairo -lgdk_pixbuf-2.0 -lgio-2.0 -lgobject-2.0 -lglib-2.0 '
INSTALL_DATA='${INSTALL} -m 644'
INSTALL_PROGRAM='${INSTALL}'
INSTALL_SCRIPT='${INSTALL}'
INSTALL_STRIP_PROGRAM='$(install_sh) -c -s'
LD='/usr/bin/ld -m elf_x86_64'
LDFLAGS=''
LIBOBJS=''
LIBS=''
LIBTOOL='$(SHELL) $(top_builddir)/libtool'
LIPO=''
LN_S='ln -s'
LTLIBOBJS=''
LT_SYS_LIBRARY_PATH=''
MAKEINFO='${SHELL} '\''/home/daddy/Documents/GitHub/opensuse/tab-manager/missing'\'' makeinfo'
MANIFEST_TOOL=':'
MKDIR_P='/usr/bin/mkdir -p'
NM='/usr/bin/nm -B'
NMEDIT=''
OBJDUMP='objdump'
OBJEXT='o'
OTOOL64=''
OTOOL=''
PACKAGE='xfce4-tabmanager-plugin'
PACKAGE_BUGREPORT='your-email@example.com'
PACKAGE_NAME='xfce4-tabmanager-plugin'
PACKAGE_STRING='xfce4-tabmanager-plugin 0.1.0'
PACKAGE_TARNAME='xfce4-tabmanager-plugin'
PACKAGE_URL=''
PACKAGE_VERSION='0.1.0'
PATH_SEPARATOR=':'
PKG_CONFIG='/usr/bin/pkg-config'
PKG_CONFIG_LIBDIR=''
PKG_CONFIG_PATH=''
RANLIB='ranlib'
SED='/usr/bin/sed'
SET_MAKE=''
SHELL='/bin/bash'
STRIP='strip'
VERSION='0.1.0'
XFCE4PANEL_CFLAGS='-I/usr/include/xfce4/libxfce4panel-2.0 -I/usr/include/gtk-3.0 -I/usr/include/pango-1.0 -I/usr/include/glib-2.0 -I/usr/lib/x86_64-linux-gnu/glib-2.0/include -I/usr/include/harfbuzz -I/usr/include/freetype2 -I/usr/include/libpng16 -I/usr/include/libmount -I/usr/include/blkid -I/usr/include/fribidi -I/usr/include/cairo -I/usr/include/pixman-1 -I/usr/include/gdk-pixbuf-2.0 -I/usr/include/x86_64-linux-gnu -I/usr/include/webp -I/usr/include/gio-unix-2.0 -I/usr/include/atk-1.0 -I/usr/include/at-spi2-atk/2.0 -I/usr/include/at-spi-2.0 -I/usr/include/dbus-1.0 -I/usr/lib/x86_64-linux-gnu/dbus-1.0/include -pthread -I/usr/include/xfce4 '
XFCE4PANEL_LIBS='-lxfce4panel-2.0 -lgtk-3 -lgdk-3 -lz -lpangocairo-1.0 -lpango-1.0 -lharfbuzz -latk-1.0 -lcairo-gobject -lcairo -lgdk_pixbuf-2.0 -lgio-2.0 -lgobject-2.0 -Wl,--export-dynamic -lgmodule-2.0 -pthread -lglib-2.0 -lxfce4util -lglib-2.0 '
XFCE4UI_CFLAGS='-I/usr/include/xfce4/libxfce4ui-2 -I/usr/include/gtk-3.0 -I/usr/include/pango-1.0 -I/usr/include/glib-2.0 -I/usr/lib/x86_64-linux-gnu/glib-2.0/include -I/usr/include/harfbuzz -I/usr/include/freetype2 -I/usr/include/libpng16 -I/usr/include/libmount -I/usr/include/blkid -I/usr/include/fribidi -I/usr/include/cairo -I/usr/include/pixman-1 -I/usr/include/gdk-pixbuf-2.0 -I/usr/include/x86_64-linux-gnu -I/usr/include/webp -I/usr/include/gio-unix-2.0 -I/usr/include/atk-1.0 -I/usr/include/at-spi2-atk/2.0 -I/usr/include/at-spi-2.0 -I/usr/include/dbus-1.0 -I/usr/lib/x86_64-linux-gnu/dbus-1.0/include -pthread -I/usr/include/xfce4 '
XFCE4UI_LIBS='-lxfce4ui-2 -lgtk-3 -lgdk-3 -lz -lpangocairo-1.0 -lpango-1.0 -lharfbuzz -latk-1.0 -lcairo-gobject -lcairo -lgdk_pixbuf-2.0 -lgio-2.0 -lgobject-2.0 -lxfce4util -lglib-2.0 '
XFCE4UTIL_CFLAGS='-I/usr/include/xfce4 -I/usr/include/glib-2.0 -I/usr/lib/x86_64-linux-gnu/glib-2.0/include '
XFCE4UTIL_LIBS='-lxfce4util -lglib-2.0 '
ac_ct_AR='ar'
ac_ct_CC='gcc'
ac_ct_CXX='g++'
ac_ct_DUMPBIN=''
am__EXEEXT_FALSE=''
am__EXEEXT_TRUE='#'
am__fastdepCC_FALSE='#'
am__fastdepCC_TRUE=''
am__fastdepCXX_FALSE='#'
am__fastdepCXX_TRUE=''
am__include='include'
am__isrc=''
am__leading_dot='.'
am__nodep='_no'
am__quote=''
am__tar='$${TAR-tar} chof - "$$tardir"'
am__untar='$${TAR-tar} xf -'
bindir='${exec_prefix}/bin'
build='x86_64-pc-linux-gnu'
build_alias=''
build_cpu='x86_64'
build_os='linux-gnu'
build_vendor='pc'
datadir='${datarootdir}'
datarootdir='${prefix}/share'
docdir='${datarootdir}/doc/${PACKAGE_TARNAME}'
dvidir='${docdir}'
exec_prefix='${prefix}'
host='x86_64-pc-linux-gnu'
host_alias=''
host_cpu='x86_64'
host_os='linux-gnu'
host_vendor='pc'
htmldir='${docdir}'
includedir='${prefix}/include'
infodir='${datarootdir}/info'
install_sh='${SHELL} /home/daddy/Documents/GitHub/opensuse/tab-manager/install-sh'
libdir='${exec_prefix}/lib'
libexecdir='${exec_prefix}/libexec'
localedir='${prefix}/share/locale'
localstatedir='${prefix}/var'
mandir='${datarootdir}/man'
mkdir_p='$(MKDIR_P)'
oldincludedir='/usr/include'
pdfdir='${docdir}'
prefix='/usr/local'
program_transform_name='s,x,x,'
psdir='${docdir}'
runstatedir='${localstatedir}/run'
sbindir='${exec_prefix}/sbin'
sharedstatedir='${prefix}/com'
sysconfdir='${prefix}/etc'
target_alias=''

## ----------- ##
## confdefs.h. ##
## ----------- ##

/* confdefs.h */
#define PACKAGE_NAME "xfce4-tabmanager-plugin"
#define PACKAGE_TARNAME "xfce4-tabmanager-plugin"
#define PACKAGE_VERSION "0.1.0"
#define PACKAGE_STRING "xfce4-tabmanager-plugin 0.1.0"
#define PACKAGE_BUGREPORT "your-email@example.com"
#define PACKAGE_URL ""
#define PACKAGE "xfce4-tabmanager-plugin"
#define VERSION "0.1.0"
#define PACKAGE "xfce4-tabmanager-plugin"
#define LOCALEDIR "${datadir}/locale"
#define GETTEXT_PACKAGE "xfce4-tabmanager-plugin"
#define HAVE_STDIO_H 1
#define HAVE_STDLIB_H 1
#define HAVE_STRING_H 1
#define HAVE_INTTYPES_H 1
#define HAVE_STDINT_H 1
#define HAVE_STRINGS_H 1
#define HAVE_SYS_STAT_H 1
#define HAVE_SYS_TYPES_H 1
#define HAVE_UNISTD_H 1
#define STDC_HEADERS 1
#define HAVE_DLFCN_H 1
#define LT_OBJDIR ".libs/"

configure: exit 0

## ---------------------- ##
## Running config.status. ##
## ---------------------- ##

This file was extended by xfce4-tabmanager-plugin config.status 0.1.0, which was
generated by GNU Autoconf 2.71.  Invocation command line was

  CONFIG_FILES    = 
  CONFIG_HEADERS  = 
  CONFIG_LINKS    = 
  CONFIG_COMMANDS = 
  $ ./config.status src/Makefile depfiles

on books

config.status:1175: creating src/Makefile
config.status:1404: executing depfiles commands
config.status:1481: cd src       && sed -e '/# am--include-marker/d' Makefile         | make -f - am--depfiles
make[3]: Entering directory '/home/daddy/Documents/GitHub/opensuse/tab-manager/src'
make[3]: Leaving directory '/home/daddy/Documents/GitHub/opensuse/tab-manager/src'
config.status:1486: $? = 0
